Determining if the Q_WS_WIN exist failed with the following output:
Change Dir: /home/thep/Documents/tp_tissu/tp_tissus_partie_2/build/CMakeFiles/CMakeTmp

Run Build Command:"/usr/bin/make" "cmTC_bb9e9/fast"
/usr/bin/make -f CMakeFiles/cmTC_bb9e9.dir/build.make CMakeFiles/cmTC_bb9e9.dir/build
make[1] : on entre dans le répertoire « /home/thep/Documents/tp_tissu/tp_tissus_partie_2/build/CMakeFiles/CMakeTmp »
Building CXX object CMakeFiles/cmTC_bb9e9.dir/CheckSymbolExists.cxx.o
/usr/bin/c++   -I/usr/include/qt4   -o CMakeFiles/cmTC_bb9e9.dir/CheckSymbolExists.cxx.o -c /home/thep/Documents/tp_tissu/tp_tissus_partie_2/build/CMakeFiles/CMakeTmp/CheckSymbolExists.cxx
/home/thep/Documents/tp_tissu/tp_tissus_partie_2/build/CMakeFiles/CMakeTmp/CheckSymbolExists.cxx: In function ‘int main(int, char**)’:
/home/thep/Documents/tp_tissu/tp_tissus_partie_2/build/CMakeFiles/CMakeTmp/CheckSymbolExists.cxx:8:19: error: ‘Q_WS_WIN’ was not declared in this scope
   return ((int*)(&Q_WS_WIN))[argc];
                   ^~~~~~~~
/home/thep/Documents/tp_tissu/tp_tissus_partie_2/build/CMakeFiles/CMakeTmp/CheckSymbolExists.cxx:8:19: note: suggested alternative: ‘Q_WS_X11’
   return ((int*)(&Q_WS_WIN))[argc];
                   ^~~~~~~~
                   Q_WS_X11
CMakeFiles/cmTC_bb9e9.dir/build.make:65: recipe for target 'CMakeFiles/cmTC_bb9e9.dir/CheckSymbolExists.cxx.o' failed
make[1]: *** [CMakeFiles/cmTC_bb9e9.dir/CheckSymbolExists.cxx.o] Error 1
make[1] : on quitte le répertoire « /home/thep/Documents/tp_tissu/tp_tissus_partie_2/build/CMakeFiles/CMakeTmp »
Makefile:126: recipe for target 'cmTC_bb9e9/fast' failed
make: *** [cmTC_bb9e9/fast] Error 2

File /home/thep/Documents/tp_tissu/tp_tissus_partie_2/build/CMakeFiles/CMakeTmp/CheckSymbolExists.cxx:
/* */
#include <QtCore/qglobal.h>

int main(int argc, char** argv)
{
  (void)argv;
#ifndef Q_WS_WIN
  return ((int*)(&Q_WS_WIN))[argc];
#else
  (void)argc;
  return 0;
#endif
}

Determining if the Q_WS_QWS exist failed with the following output:
Change Dir: /home/thep/Documents/tp_tissu/tp_tissus_partie_2/build/CMakeFiles/CMakeTmp

Run Build Command:"/usr/bin/make" "cmTC_2eff0/fast"
/usr/bin/make -f CMakeFiles/cmTC_2eff0.dir/build.make CMakeFiles/cmTC_2eff0.dir/build
make[1] : on entre dans le répertoire « /home/thep/Documents/tp_tissu/tp_tissus_partie_2/build/CMakeFiles/CMakeTmp »
Building CXX object CMakeFiles/cmTC_2eff0.dir/CheckSymbolExists.cxx.o
/usr/bin/c++   -I/usr/include/qt4   -o CMakeFiles/cmTC_2eff0.dir/CheckSymbolExists.cxx.o -c /home/thep/Documents/tp_tissu/tp_tissus_partie_2/build/CMakeFiles/CMakeTmp/CheckSymbolExists.cxx
/home/thep/Documents/tp_tissu/tp_tissus_partie_2/build/CMakeFiles/CMakeTmp/CheckSymbolExists.cxx: In function ‘int main(int, char**)’:
/home/thep/Documents/tp_tissu/tp_tissus_partie_2/build/CMakeFiles/CMakeTmp/CheckSymbolExists.cxx:8:19: error: ‘Q_WS_QWS’ was not declared in this scope
   return ((int*)(&Q_WS_QWS))[argc];
                   ^~~~~~~~
/home/thep/Documents/tp_tissu/tp_tissus_partie_2/build/CMakeFiles/CMakeTmp/CheckSymbolExists.cxx:8:19: note: suggested alternative: ‘Q_WS_X11’
   return ((int*)(&Q_WS_QWS))[argc];
                   ^~~~~~~~
                   Q_WS_X11
CMakeFiles/cmTC_2eff0.dir/build.make:65: recipe for target 'CMakeFiles/cmTC_2eff0.dir/CheckSymbolExists.cxx.o' failed
make[1]: *** [CMakeFiles/cmTC_2eff0.dir/CheckSymbolExists.cxx.o] Error 1
make[1] : on quitte le répertoire « /home/thep/Documents/tp_tissu/tp_tissus_partie_2/build/CMakeFiles/CMakeTmp »
Makefile:126: recipe for target 'cmTC_2eff0/fast' failed
make: *** [cmTC_2eff0/fast] Error 2

File /home/thep/Documents/tp_tissu/tp_tissus_partie_2/build/CMakeFiles/CMakeTmp/CheckSymbolExists.cxx:
/* */
#include <QtCore/qglobal.h>

int main(int argc, char** argv)
{
  (void)argv;
#ifndef Q_WS_QWS
  return ((int*)(&Q_WS_QWS))[argc];
#else
  (void)argc;
  return 0;
#endif
}

Determining if the Q_WS_MAC exist failed with the following output:
Change Dir: /home/thep/Documents/tp_tissu/tp_tissus_partie_2/build/CMakeFiles/CMakeTmp

Run Build Command:"/usr/bin/make" "cmTC_03b4b/fast"
/usr/bin/make -f CMakeFiles/cmTC_03b4b.dir/build.make CMakeFiles/cmTC_03b4b.dir/build
make[1] : on entre dans le répertoire « /home/thep/Documents/tp_tissu/tp_tissus_partie_2/build/CMakeFiles/CMakeTmp »
Building CXX object CMakeFiles/cmTC_03b4b.dir/CheckSymbolExists.cxx.o
/usr/bin/c++   -I/usr/include/qt4   -o CMakeFiles/cmTC_03b4b.dir/CheckSymbolExists.cxx.o -c /home/thep/Documents/tp_tissu/tp_tissus_partie_2/build/CMakeFiles/CMakeTmp/CheckSymbolExists.cxx
/home/thep/Documents/tp_tissu/tp_tissus_partie_2/build/CMakeFiles/CMakeTmp/CheckSymbolExists.cxx: In function ‘int main(int, char**)’:
/home/thep/Documents/tp_tissu/tp_tissus_partie_2/build/CMakeFiles/CMakeTmp/CheckSymbolExists.cxx:8:19: error: ‘Q_WS_MAC’ was not declared in this scope
   return ((int*)(&Q_WS_MAC))[argc];
                   ^~~~~~~~
/home/thep/Documents/tp_tissu/tp_tissus_partie_2/build/CMakeFiles/CMakeTmp/CheckSymbolExists.cxx:8:19: note: suggested alternative: ‘Q_WS_X11’
   return ((int*)(&Q_WS_MAC))[argc];
                   ^~~~~~~~
                   Q_WS_X11
CMakeFiles/cmTC_03b4b.dir/build.make:65: recipe for target 'CMakeFiles/cmTC_03b4b.dir/CheckSymbolExists.cxx.o' failed
make[1]: *** [CMakeFiles/cmTC_03b4b.dir/CheckSymbolExists.cxx.o] Error 1
make[1] : on quitte le répertoire « /home/thep/Documents/tp_tissu/tp_tissus_partie_2/build/CMakeFiles/CMakeTmp »
Makefile:126: recipe for target 'cmTC_03b4b/fast' failed
make: *** [cmTC_03b4b/fast] Error 2

File /home/thep/Documents/tp_tissu/tp_tissus_partie_2/build/CMakeFiles/CMakeTmp/CheckSymbolExists.cxx:
/* */
#include <QtCore/qglobal.h>

int main(int argc, char** argv)
{
  (void)argv;
#ifndef Q_WS_MAC
  return ((int*)(&Q_WS_MAC))[argc];
#else
  (void)argc;
  return 0;
#endif
}

