Determining if the Q_WS_WIN exist failed with the following output:
Change Dir: /fs03/share/users/theo.louvet/home/Documents/tp_tissus/build-tp_tissus_partie_1-Desktop-Default/CMakeFiles/CMakeTmp

Run Build Command:/usr/bin/make "cmTryCompileExec1442692162/fast"
/usr/bin/make -f CMakeFiles/cmTryCompileExec1442692162.dir/build.make CMakeFiles/cmTryCompileExec1442692162.dir/build
make[1]: entrant dans le répertoire « /fs03/share/users/theo.louvet/home/Documents/tp_tissus/build-tp_tissus_partie_1-Desktop-Default/CMakeFiles/CMakeTmp »
/usr/bin/cmake -E cmake_progress_report /fs03/share/users/theo.louvet/home/Documents/tp_tissus/build-tp_tissus_partie_1-Desktop-Default/CMakeFiles/CMakeTmp/CMakeFiles 1
Building CXX object CMakeFiles/cmTryCompileExec1442692162.dir/CheckSymbolExists.cxx.o
/usr/bin/c++    -I/usr/include/qt4    -o CMakeFiles/cmTryCompileExec1442692162.dir/CheckSymbolExists.cxx.o -c /fs03/share/users/theo.louvet/home/Documents/tp_tissus/build-tp_tissus_partie_1-Desktop-Default/CMakeFiles/CMakeTmp/CheckSymbolExists.cxx
/fs03/share/users/theo.louvet/home/Documents/tp_tissus/build-tp_tissus_partie_1-Desktop-Default/CMakeFiles/CMakeTmp/CheckSymbolExists.cxx: In function ‘int main(int, char**)’:
/fs03/share/users/theo.louvet/home/Documents/tp_tissus/build-tp_tissus_partie_1-Desktop-Default/CMakeFiles/CMakeTmp/CheckSymbolExists.cxx:8:19: error: ‘Q_WS_WIN’ was not declared in this scope
   return ((int*)(&Q_WS_WIN))[argc];
                   ^
make[1]: *** [CMakeFiles/cmTryCompileExec1442692162.dir/CheckSymbolExists.cxx.o] Erreur 1
make[1]: quittant le répertoire « /fs03/share/users/theo.louvet/home/Documents/tp_tissus/build-tp_tissus_partie_1-Desktop-Default/CMakeFiles/CMakeTmp »
make: *** [cmTryCompileExec1442692162/fast] Erreur 2

File /fs03/share/users/theo.louvet/home/Documents/tp_tissus/build-tp_tissus_partie_1-Desktop-Default/CMakeFiles/CMakeTmp/CheckSymbolExists.cxx:
/* */
#include <QtCore/qglobal.h>

int main(int argc, char** argv)
{
  (void)argv;
#ifndef Q_WS_WIN
  return ((int*)(&Q_WS_WIN))[argc];
#else
  (void)argc;
  return 0;
#endif
}

Determining if the Q_WS_QWS exist failed with the following output:
Change Dir: /fs03/share/users/theo.louvet/home/Documents/tp_tissus/build-tp_tissus_partie_1-Desktop-Default/CMakeFiles/CMakeTmp

Run Build Command:/usr/bin/make "cmTryCompileExec4118826745/fast"
/usr/bin/make -f CMakeFiles/cmTryCompileExec4118826745.dir/build.make CMakeFiles/cmTryCompileExec4118826745.dir/build
make[1]: entrant dans le répertoire « /fs03/share/users/theo.louvet/home/Documents/tp_tissus/build-tp_tissus_partie_1-Desktop-Default/CMakeFiles/CMakeTmp »
/usr/bin/cmake -E cmake_progress_report /fs03/share/users/theo.louvet/home/Documents/tp_tissus/build-tp_tissus_partie_1-Desktop-Default/CMakeFiles/CMakeTmp/CMakeFiles 1
Building CXX object CMakeFiles/cmTryCompileExec4118826745.dir/CheckSymbolExists.cxx.o
/usr/bin/c++    -I/usr/include/qt4    -o CMakeFiles/cmTryCompileExec4118826745.dir/CheckSymbolExists.cxx.o -c /fs03/share/users/theo.louvet/home/Documents/tp_tissus/build-tp_tissus_partie_1-Desktop-Default/CMakeFiles/CMakeTmp/CheckSymbolExists.cxx
/fs03/share/users/theo.louvet/home/Documents/tp_tissus/build-tp_tissus_partie_1-Desktop-Default/CMakeFiles/CMakeTmp/CheckSymbolExists.cxx: In function ‘int main(int, char**)’:
/fs03/share/users/theo.louvet/home/Documents/tp_tissus/build-tp_tissus_partie_1-Desktop-Default/CMakeFiles/CMakeTmp/CheckSymbolExists.cxx:8:19: error: ‘Q_WS_QWS’ was not declared in this scope
   return ((int*)(&Q_WS_QWS))[argc];
                   ^
make[1]: *** [CMakeFiles/cmTryCompileExec4118826745.dir/CheckSymbolExists.cxx.o] Erreur 1
make[1]: quittant le répertoire « /fs03/share/users/theo.louvet/home/Documents/tp_tissus/build-tp_tissus_partie_1-Desktop-Default/CMakeFiles/CMakeTmp »
make: *** [cmTryCompileExec4118826745/fast] Erreur 2

File /fs03/share/users/theo.louvet/home/Documents/tp_tissus/build-tp_tissus_partie_1-Desktop-Default/CMakeFiles/CMakeTmp/CheckSymbolExists.cxx:
/* */
#include <QtCore/qglobal.h>

int main(int argc, char** argv)
{
  (void)argv;
#ifndef Q_WS_QWS
  return ((int*)(&Q_WS_QWS))[argc];
#else
  (void)argc;
  return 0;
#endif
}

Determining if the Q_WS_MAC exist failed with the following output:
Change Dir: /fs03/share/users/theo.louvet/home/Documents/tp_tissus/build-tp_tissus_partie_1-Desktop-Default/CMakeFiles/CMakeTmp

Run Build Command:/usr/bin/make "cmTryCompileExec753197711/fast"
/usr/bin/make -f CMakeFiles/cmTryCompileExec753197711.dir/build.make CMakeFiles/cmTryCompileExec753197711.dir/build
make[1]: entrant dans le répertoire « /fs03/share/users/theo.louvet/home/Documents/tp_tissus/build-tp_tissus_partie_1-Desktop-Default/CMakeFiles/CMakeTmp »
/usr/bin/cmake -E cmake_progress_report /fs03/share/users/theo.louvet/home/Documents/tp_tissus/build-tp_tissus_partie_1-Desktop-Default/CMakeFiles/CMakeTmp/CMakeFiles 1
Building CXX object CMakeFiles/cmTryCompileExec753197711.dir/CheckSymbolExists.cxx.o
/usr/bin/c++    -I/usr/include/qt4    -o CMakeFiles/cmTryCompileExec753197711.dir/CheckSymbolExists.cxx.o -c /fs03/share/users/theo.louvet/home/Documents/tp_tissus/build-tp_tissus_partie_1-Desktop-Default/CMakeFiles/CMakeTmp/CheckSymbolExists.cxx
/fs03/share/users/theo.louvet/home/Documents/tp_tissus/build-tp_tissus_partie_1-Desktop-Default/CMakeFiles/CMakeTmp/CheckSymbolExists.cxx: In function ‘int main(int, char**)’:
/fs03/share/users/theo.louvet/home/Documents/tp_tissus/build-tp_tissus_partie_1-Desktop-Default/CMakeFiles/CMakeTmp/CheckSymbolExists.cxx:8:19: error: ‘Q_WS_MAC’ was not declared in this scope
   return ((int*)(&Q_WS_MAC))[argc];
                   ^
make[1]: *** [CMakeFiles/cmTryCompileExec753197711.dir/CheckSymbolExists.cxx.o] Erreur 1
make[1]: quittant le répertoire « /fs03/share/users/theo.louvet/home/Documents/tp_tissus/build-tp_tissus_partie_1-Desktop-Default/CMakeFiles/CMakeTmp »
make: *** [cmTryCompileExec753197711/fast] Erreur 2

File /fs03/share/users/theo.louvet/home/Documents/tp_tissus/build-tp_tissus_partie_1-Desktop-Default/CMakeFiles/CMakeTmp/CheckSymbolExists.cxx:
/* */
#include <QtCore/qglobal.h>

int main(int argc, char** argv)
{
  (void)argv;
#ifndef Q_WS_MAC
  return ((int*)(&Q_WS_MAC))[argc];
#else
  (void)argc;
  return 0;
#endif
}

